<?xml version="1.0" encoding="UTF-8"?>
<!-- Generated by org.testng.reporters.JUnitReportReporter -->
<testsuite hostname="DESKTOP-M0OJOK9" failures="0" tests="1" name="Test1" time="24.262" errors="0" timestamp="2023-09-04T08:14:57 ICT" skipped="0">
  <testcase classname="Test1" name="loginTest" time="24.262"/>
  <system-out/>
</testsuite> <!-- Test1 -->
