<?xml version="1.0" encoding="UTF-8"?>
<!-- Generated by org.testng.reporters.JUnitReportReporter -->
<testsuite hostname="DESKTOP-M0OJOK9" failures="0" tests="1" name="Test1" time="4.739" errors="0" timestamp="2023-09-03T11:13:08 ICT" skipped="0">
  <testcase classname="Test1" name="loginTest" time="4.739"/>
  <system-out/>
</testsuite> <!-- Test1 -->
