<?xml version="1.0" encoding="UTF-8"?>
<!-- Generated by org.testng.reporters.JUnitReportReporter -->
<testsuite hostname="DESKTOP-M0OJOK9" failures="0" tests="1" name="testcases.jiraapi.createissue.AP003" time="4.446" errors="0" timestamp="2023-09-04T19:40:09 ICT" skipped="0">
  <testcase classname="testcases.jiraapi.createissue.AP003" name="AP003" time="4.446"/>
  <system-out/>
</testsuite> <!-- testcases.jiraapi.createissue.AP003 -->
