<?xml version="1.0" encoding="UTF-8"?>
<!-- Generated by org.testng.reporters.JUnitReportReporter -->
<testsuite hostname="DESKTOP-M0OJOK9" failures="0" tests="1" name="testcases.jiraapi.getissue.API001" time="5.185" errors="0" timestamp="2023-09-04T19:44:51 ICT" skipped="0">
  <testcase classname="testcases.jiraapi.getissue.API001" name="API001" time="5.185"/>
  <system-out/>
</testsuite> <!-- testcases.jiraapi.getissue.API001 -->
