<?xml version="1.0" encoding="UTF-8"?>
<!-- Generated by org.testng.reporters.JUnitReportReporter -->
<testsuite hostname="DESKTOP-M0OJOK9" failures="0" tests="1" name="testcases.jiraapi.getissue.API002" time="1.792" errors="0" timestamp="2023-09-04T19:14:10 ICT" skipped="0">
  <testcase classname="testcases.jiraapi.getissue.API002" name="API002" time="1.792"/>
  <system-out/>
</testsuite> <!-- testcases.jiraapi.getissue.API002 -->
